<?xml version="1.0" encoding="UTF-8"?>
<!-- Generated by org.testng.reporters.JUnitXMLReporter -->
<testsuite hostname="shreeshail-lp" name="Flight and Cruise Booking" tests="5" failures="2" timestamp="30 Aug 2020 18:37:41 GMT" time="165.858" errors="0">
  <testcase name="register" time="8.142" classname="seleniumdemotests.RegisterTest"/>
  <testcase name="testBookFlightWithoutSignIn" time="0.007" classname="seleniumdemotests.bookcruise.BookCruiseWithoutSignIn">
    <failure type="java.lang.NullPointerException">
      <![CDATA[java.lang.NullPointerException
	at org.openqa.selenium.support.pagefactory.DefaultElementLocator.findElement(DefaultElementLocator.java:69)
	at org.openqa.selenium.support.pagefactory.internal.LocatingElementHandler.invoke(LocatingElementHandler.java:38)
	at com.sun.proxy.$Proxy11.click(Unknown Source)
	at seleniumdemotests.bookcruise.BookCruiseWithoutSignIn.testBookFlightWithoutSignIn(BookCruiseWithoutSignIn.java:25)
... Removed 24 stack frames]]>
    </failure>
  </testcase> <!-- testBookFlightWithoutSignIn -->
  <testcase name="testBookFlightTestWithNewRegisterUser" time="0.005" classname="seleniumdemotests.bookflight.BookFlightTestWithNewRegisterUser">
    <failure type="java.lang.NullPointerException">
      <![CDATA[java.lang.NullPointerException
	at org.openqa.selenium.support.pagefactory.DefaultElementLocator.findElement(DefaultElementLocator.java:69)
	at org.openqa.selenium.support.pagefactory.internal.LocatingElementHandler.invoke(LocatingElementHandler.java:38)
	at com.sun.proxy.$Proxy11.click(Unknown Source)
	at seleniumdemotests.bookflight.BookFlightTestWithNewRegisterUser.testBookFlightTestWithNewRegisterUser(BookFlightTestWithNewRegisterUser.java:33)
... Removed 24 stack frames]]>
    </failure>
  </testcase> <!-- testBookFlightTestWithNewRegisterUser -->
  <testcase name="testBookFlightWithoutSignIn" time="32.03" classname="seleniumdemotests.bookflight.BookFlightTestWithOutSignIn"/>
  <testcase name="testBookFlightWithPreExistingUserOnHome" time="52.716" classname="seleniumdemotests.bookflight.BookFlightWithPreExistingUserOnHome"/>
</testsuite> <!-- Flight and Cruise Booking -->
